f:\tsi\2nd period\lp\lp-2021\playlist\playlist\playlist\debug\vc142.pdb
f:\tsi\2nd period\lp\lp-2021\playlist\playlist\playlist\debug\vc142.idb
f:\tsi\2nd period\lp\lp-2021\playlist\playlist\playlist\debug\utils.obj
f:\tsi\2nd period\lp\lp-2021\playlist\playlist\playlist\debug\stringutils.obj
f:\tsi\2nd period\lp\lp-2021\playlist\playlist\playlist\debug\musica.obj
f:\tsi\2nd period\lp\lp-2021\playlist\playlist\playlist\debug\indice.obj
f:\tsi\2nd period\lp\lp-2021\playlist\playlist\playlist\debug\arquivomusica.obj
f:\tsi\2nd period\lp\lp-2021\playlist\playlist\playlist\debug\arquivoindice.obj
f:\tsi\2nd period\lp\lp-2021\playlist\playlist\playlist\debug\arquivobinario.obj
f:\tsi\2nd period\lp\lp-2021\playlist\playlist\playlist\debug\playlist.obj
f:\tsi\2nd period\lp\lp-2021\playlist\playlist\debug\playlist.exe
f:\tsi\2nd period\lp\lp-2021\playlist\playlist\debug\playlist.ilk
f:\tsi\2nd period\lp\lp-2021\playlist\playlist\debug\playlist.pdb
f:\tsi\2nd period\lp\lp-2021\playlist\playlist\playlist\debug\playlist.obj.enc
f:\tsi\2nd period\lp\lp-2021\playlist\playlist\playlist\debug\playlist.tlog\cl.command.1.tlog
f:\tsi\2nd period\lp\lp-2021\playlist\playlist\playlist\debug\playlist.tlog\cl.read.1.tlog
f:\tsi\2nd period\lp\lp-2021\playlist\playlist\playlist\debug\playlist.tlog\cl.write.1.tlog
f:\tsi\2nd period\lp\lp-2021\playlist\playlist\playlist\debug\playlist.tlog\link.command.1.tlog
f:\tsi\2nd period\lp\lp-2021\playlist\playlist\playlist\debug\playlist.tlog\link.read.1.tlog
f:\tsi\2nd period\lp\lp-2021\playlist\playlist\playlist\debug\playlist.tlog\link.write.1.tlog
