Compiling the C compiler identification source file "CMakeCCompilerId.c" failed.
Compiler: C:/MinGW/bin/gcc.exe 
Build flags: 
Id flags:  

The output was:
1


Compiling the CXX compiler identification source file "CMakeCXXCompilerId.cpp" failed.
Compiler: C:/MinGW/bin/g++.exe 
Build flags: 
Id flags:  

The output was:
1
c:/mingw/bin/../lib/gcc/mingw32/9.2.0/../../../../mingw32/bin/ld.exe: unrecognized option '-plugin'
c:/mingw/bin/../lib/gcc/mingw32/9.2.0/../../../../mingw32/bin/ld.exe: use the --help option for usage information
collect2.exe: error: ld returned 1 exit status


Determining if the C compiler works failed with the following output:
Change Dir: F:/TSI/2nd period/LP/LP-2021/untitled/cmake-build-debug/CMakeFiles/CMakeTmp

Run Build Command(s):C:/MinGW/bin/mingw32-make.exe cmTC_d498b/fast && C:/MinGW/bin/mingw32-make.exe  -f CMakeFiles\cmTC_d498b.dir\build.make CMakeFiles/cmTC_d498b.dir/build
mingw32-make.exe[1]: Entering directory 'F:/TSI/2nd period/LP/LP-2021/untitled/cmake-build-debug/CMakeFiles/CMakeTmp'
Building C object CMakeFiles/cmTC_d498b.dir/testCCompiler.c.obj
C:\MinGW\bin\gcc.exe    -o CMakeFiles\cmTC_d498b.dir\testCCompiler.c.obj   -c "F:\TSI\2nd period\LP\LP-2021\untitled\cmake-build-debug\CMakeFiles\CMakeTmp\testCCompiler.c"
Linking C executable cmTC_d498b.exe
"C:\Program Files\JetBrains\CLion 2020.2.5\bin\cmake\win\bin\cmake.exe" -E cmake_link_script CMakeFiles\cmTC_d498b.dir\link.txt --verbose=1
C:\MinGW\bin\gcc.exe      -Wl,@CMakeFiles\cmTC_d498b.dir\objects1.rsp  -o cmTC_d498b.exe -Wl,--out-implib,libcmTC_d498b.dll.a -Wl,--major-image-version,0,--minor-image-version,0  -lkernel32 -luser32 -lgdi32 -lwinspool -lshell32 -lole32 -loleaut32 -luuid -lcomdlg32 -ladvapi32 
gcc.exe: Internal error: Aborted (program collect2)
Please submit a full bug report.
See <URL:http://www.mingw.org/bugs.shtml> for instructions.
CMakeFiles\cmTC_d498b.dir\build.make:106: recipe for target 'cmTC_d498b.exe' failed
mingw32-make.exe[1]: *** [cmTC_d498b.exe] Error 1
mingw32-make.exe[1]: Leaving directory 'F:/TSI/2nd period/LP/LP-2021/untitled/cmake-build-debug/CMakeFiles/CMakeTmp'
Makefile:140: recipe for target 'cmTC_d498b/fast' failed
mingw32-make.exe: *** [cmTC_d498b/fast] Error 2



