f:\tsi\2nd period\lp\lp-2021\lpas\lpas\lpas\debug\vc142.pdb
f:\tsi\2nd period\lp\lp-2021\lpas\lpas\lpas\debug\vc142.idb
f:\tsi\2nd period\lp\lp-2021\lpas\lpas\lpas\debug\erroexecucao.obj
f:\tsi\2nd period\lp\lp-2021\lpas\lpas\lpas\debug\utils.obj
f:\tsi\2nd period\lp\lp-2021\lpas\lpas\lpas\debug\programa.obj
f:\tsi\2nd period\lp\lp-2021\lpas\lpas\lpas\debug\maquinaexecucao.obj
f:\tsi\2nd period\lp\lp-2021\lpas\lpas\lpas\debug\lpas.obj
f:\tsi\2nd period\lp\lp-2021\lpas\lpas\lpas\debug\arquivotexto.obj
f:\tsi\2nd period\lp\lp-2021\lpas\lpas\lpas\debug\parser.obj
f:\tsi\2nd period\lp\lp-2021\lpas\lpas\debug\lpas.ilk
f:\tsi\2nd period\lp\lp-2021\lpas\lpas\debug\lpas.exe
f:\tsi\2nd period\lp\lp-2021\lpas\lpas\debug\lpas.pdb
f:\tsi\2nd period\lp\lp-2021\lpas\lpas\lpas\debug\lpas.tlog\cl.command.1.tlog
f:\tsi\2nd period\lp\lp-2021\lpas\lpas\lpas\debug\lpas.tlog\cl.read.1.tlog
f:\tsi\2nd period\lp\lp-2021\lpas\lpas\lpas\debug\lpas.tlog\cl.write.1.tlog
f:\tsi\2nd period\lp\lp-2021\lpas\lpas\lpas\debug\lpas.tlog\link-cvtres.read.1.tlog
f:\tsi\2nd period\lp\lp-2021\lpas\lpas\lpas\debug\lpas.tlog\link-cvtres.write.1.tlog
f:\tsi\2nd period\lp\lp-2021\lpas\lpas\lpas\debug\lpas.tlog\link-rc.read.1.tlog
f:\tsi\2nd period\lp\lp-2021\lpas\lpas\lpas\debug\lpas.tlog\link-rc.write.1.tlog
f:\tsi\2nd period\lp\lp-2021\lpas\lpas\lpas\debug\lpas.tlog\link.10052-cvtres.read.1.tlog
f:\tsi\2nd period\lp\lp-2021\lpas\lpas\lpas\debug\lpas.tlog\link.10052-cvtres.write.1.tlog
f:\tsi\2nd period\lp\lp-2021\lpas\lpas\lpas\debug\lpas.tlog\link.10052-rc.read.1.tlog
f:\tsi\2nd period\lp\lp-2021\lpas\lpas\lpas\debug\lpas.tlog\link.10052-rc.write.1.tlog
f:\tsi\2nd period\lp\lp-2021\lpas\lpas\lpas\debug\lpas.tlog\link.10052.read.1.tlog
f:\tsi\2nd period\lp\lp-2021\lpas\lpas\lpas\debug\lpas.tlog\link.10052.write.1.tlog
f:\tsi\2nd period\lp\lp-2021\lpas\lpas\lpas\debug\lpas.tlog\link.command.1.tlog
f:\tsi\2nd period\lp\lp-2021\lpas\lpas\lpas\debug\lpas.tlog\link.read.1.tlog
f:\tsi\2nd period\lp\lp-2021\lpas\lpas\lpas\debug\lpas.tlog\link.write.1.tlog
