  ArquivoTexto.cpp
  ErroExecucao.cpp
  Operation.cpp
  Lpas.cpp
F:\TSI\2nd period\LP\LP-2021\Lpas\Lpas\Lpas\Lpas.cpp(210,50): warning C4267: 'initializing': conversion from 'size_t' to 'int', possible loss of data
  MaquinaExecucao.cpp
F:\TSI\2nd period\LP\LP-2021\Lpas\Lpas\Lpas\MaquinaExecucao.cpp(98,63): warning C4267: 'initializing': conversion from 'size_t' to 'int', possible loss of data
F:\TSI\2nd period\LP\LP-2021\Lpas\Lpas\Lpas\MaquinaExecucao.cpp(101,60): warning C4267: '=': conversion from 'size_t' to 'int', possible loss of data
  Programa.cpp
F:\TSI\2nd period\LP\LP-2021\Lpas\Lpas\Lpas\Programa.cpp(55,39): warning C4267: 'initializing': conversion from 'size_t' to 'int', possible loss of data
  Utils.cpp
  The contents of <filesystem> are available only with C++17 or later.
F:\TSI\2nd period\LP\LP-2021\Lpas\Lpas\Lpas\Utils.cpp(8,21): error C2039: 'filesystem': is not a member of 'std'
C:\Program Files (x86)\Microsoft Visual Studio\2019\Community\VC\Tools\MSVC\14.28.29333\include\sstream(20): message : see declaration of 'std'
F:\TSI\2nd period\LP\LP-2021\Lpas\Lpas\Lpas\Utils.cpp(8,31): error C2878: 'filesystem': a namespace or class of this name does not exist
F:\TSI\2nd period\LP\LP-2021\Lpas\Lpas\Lpas\Utils.cpp(26,2): error C2653: 'fs': is not a class or namespace name
F:\TSI\2nd period\LP\LP-2021\Lpas\Lpas\Lpas\Utils.cpp(26,6): error C2065: 'path': undeclared identifier
F:\TSI\2nd period\LP\LP-2021\Lpas\Lpas\Lpas\Utils.cpp(26,11): error C2146: syntax error: missing ';' before identifier 'pathObj'
F:\TSI\2nd period\LP\LP-2021\Lpas\Lpas\Lpas\Utils.cpp(26,11): error C3861: 'pathObj': identifier not found
F:\TSI\2nd period\LP\LP-2021\Lpas\Lpas\Lpas\Utils.cpp(29,10): error C2065: 'pathObj': undeclared identifier
F:\TSI\2nd period\LP\LP-2021\Lpas\Lpas\Lpas\Utils.cpp(31,6): error C2065: 'pathObj': undeclared identifier
F:\TSI\2nd period\LP\LP-2021\Lpas\Lpas\Lpas\Utils.cpp(33,10): error C2065: 'pathObj': undeclared identifier
  Generating Code...
